<?xml version="1.0" encoding="UTF-8"?>
<testsuite name="br.com.actionlabs.carboncalc.CarbonCalculatorApplicationTests" tests="1" skipped="0" failures="0" errors="0" timestamp="2024-12-29T03:14:41" hostname="ltdig061" time="0.684">
  <properties/>
  <testcase name="contextLoads()" classname="br.com.actionlabs.carboncalc.CarbonCalculatorApplicationTests" time="0.684"/>
  <system-out><![CDATA[00:14:39.016 [Test worker] INFO org.springframework.test.context.support.AnnotationConfigContextLoaderUtils -- Could not detect default configuration classes for test class [br.com.actionlabs.carboncalc.CarbonCalculatorApplicationTests]: CarbonCalculatorApplicationTests does not declare any static, non-private, non-final, nested classes annotated with @Configuration.
00:14:39.101 [Test worker] INFO org.springframework.boot.test.context.SpringBootTestContextBootstrapper -- Found @SpringBootConfiguration br.com.actionlabs.carboncalc.CarbonCalculatorApplication for test class br.com.actionlabs.carboncalc.CarbonCalculatorApplicationTests

  .   ____          _            __ _ _
 /\\ / ___'_ __ _ _(_)_ __  __ _ \ \ \ \
( ( )\___ | '_ | '_| | '_ \/ _` | \ \ \ \
 \\/  ___)| |_)| | | | | || (_| |  ) ) ) )
  '  |____| .__|_| |_|_| |_\__, | / / / /
 =========|_|==============|___/=/_/_/_/

 :: Spring Boot ::                (v3.3.4)

2024-12-29T00:14:39.508-03:00  INFO 451634 --- [al-carbon-calculator] [    Test worker] b.c.a.c.CarbonCalculatorApplicationTests : Starting CarbonCalculatorApplicationTests using Java 17.0.13 with PID 451634 (started by amanda in /home/amanda/Downloads/action-labs/al-carbon-calc-server)
2024-12-29T00:14:39.510-03:00  INFO 451634 --- [al-carbon-calculator] [    Test worker] b.c.a.c.CarbonCalculatorApplicationTests : The following 1 profile is active: "development"
2024-12-29T00:14:40.148-03:00  INFO 451634 --- [al-carbon-calculator] [    Test worker] .s.d.r.c.RepositoryConfigurationDelegate : Bootstrapping Spring Data MongoDB repositories in DEFAULT mode.
2024-12-29T00:14:40.192-03:00  INFO 451634 --- [al-carbon-calculator] [    Test worker] .s.d.r.c.RepositoryConfigurationDelegate : Finished Spring Data repository scanning in 40 ms. Found 3 MongoDB repository interfaces.
2024-12-29T00:14:40.654-03:00  INFO 451634 --- [al-carbon-calculator] [    Test worker] org.mongodb.driver.client                : MongoClient with metadata {"driver": {"name": "mongo-java-driver|sync|spring-boot", "version": "5.0.1"}, "os": {"type": "Linux", "name": "Linux", "architecture": "amd64", "version": "6.8.0-49-generic"}, "platform": "Java/Ubuntu/17.0.13+11-Ubuntu-2ubuntu122.04"} created with settings MongoClientSettings{readPreference=primary, writeConcern=WriteConcern{w=null, wTimeout=null ms, journal=null}, retryWrites=true, retryReads=true, readConcern=ReadConcern{level=null}, credential=null, transportSettings=null, commandListeners=[], codecRegistry=ProvidersCodecRegistry{codecProviders=[ValueCodecProvider{}, BsonValueCodecProvider{}, DBRefCodecProvider{}, DBObjectCodecProvider{}, DocumentCodecProvider{}, CollectionCodecProvider{}, IterableCodecProvider{}, MapCodecProvider{}, GeoJsonCodecProvider{}, GridFSFileCodecProvider{}, Jsr310CodecProvider{}, JsonObjectCodecProvider{}, BsonCodecProvider{}, EnumCodecProvider{}, com.mongodb.client.model.mql.ExpressionCodecProvider@585513a8, com.mongodb.Jep395RecordCodecProvider@7b18658a, com.mongodb.KotlinCodecProvider@30f28b5]}, loggerSettings=LoggerSettings{maxDocumentLength=1000}, clusterSettings={hosts=[localhost:27017], srvServiceName=mongodb, mode=SINGLE, requiredClusterType=UNKNOWN, requiredReplicaSetName='null', serverSelector='null', clusterListeners='[]', serverSelectionTimeout='30000 ms', localThreshold='15 ms'}, socketSettings=SocketSettings{connectTimeoutMS=10000, readTimeoutMS=0, receiveBufferSize=0, proxySettings=ProxySettings{host=null, port=null, username=null, password=null}}, heartbeatSocketSettings=SocketSettings{connectTimeoutMS=10000, readTimeoutMS=10000, receiveBufferSize=0, proxySettings=ProxySettings{host=null, port=null, username=null, password=null}}, connectionPoolSettings=ConnectionPoolSettings{maxSize=100, minSize=0, maxWaitTimeMS=120000, maxConnectionLifeTimeMS=0, maxConnectionIdleTimeMS=0, maintenanceInitialDelayMS=0, maintenanceFrequencyMS=60000, connectionPoolListeners=[], maxConnecting=2}, serverSettings=ServerSettings{heartbeatFrequencyMS=10000, minHeartbeatFrequencyMS=500, serverListeners='[]', serverMonitorListeners='[]'}, sslSettings=SslSettings{enabled=false, invalidHostNameAllowed=false, context=null}, applicationName='null', compressorList=[], uuidRepresentation=JAVA_LEGACY, serverApi=null, autoEncryptionSettings=null, dnsClient=null, inetAddressResolver=null, contextProvider=null}
2024-12-29T00:14:40.670-03:00  INFO 451634 --- [al-carbon-calculator] [localhost:27017] org.mongodb.driver.cluster               : Monitor thread successfully connected to server with description ServerDescription{address=localhost:27017, type=STANDALONE, state=CONNECTED, ok=true, minWireVersion=0, maxWireVersion=25, maxDocumentSize=16777216, logicalSessionTimeoutMinutes=30, roundTripTimeNanos=23401038}
2024-12-29T00:14:41.048-03:00  WARN 451634 --- [al-carbon-calculator] [    Test worker] .s.s.UserDetailsServiceAutoConfiguration : 

Using generated security password: 9b0ba6a4-6fbf-4319-a4dd-c74073814144

This generated password is for development use only. Your security configuration must be updated before running your application in production.

2024-12-29T00:14:41.065-03:00  INFO 451634 --- [al-carbon-calculator] [    Test worker] r$InitializeUserDetailsManagerConfigurer : Global AuthenticationManager configured with UserDetailsService bean with name inMemoryUserDetailsManager
2024-12-29T00:14:41.626-03:00  INFO 451634 --- [al-carbon-calculator] [    Test worker] b.c.a.c.CarbonCalculatorApplicationTests : Started CarbonCalculatorApplicationTests in 2.403 seconds (process running for 3.327)
]]></system-out>
  <system-err><![CDATA[]]></system-err>
</testsuite>
